<?xml version="1.0" encoding="UTF-8"?>
<!-- Generated by org.testng.reporters.JUnitXMLReporter -->
<testsuite ignored="0" hostname="svegile_0002" failures="1" tests="12" name="Test" time="60.374" errors="0" timestamp="2024-07-19T16:29:31 IST">
  <testcase classname="o2technologies.test.IntegrationTesting_UI_DB" name="login" time="12.23"/>
  <testcase classname="o2technologies.test.IntegrationTesting_UI_DB" name="addProfileWithGoogle" time="4.577"/>
  <testcase classname="o2technologies.test.IntegrationTesting_UI_DB" name="addProfileWithMobile" time="2.378"/>
  <testcase classname="o2technologies.test.IntegrationTesting_UI_DB" name="verifyProfileAdditionToDatabaseWithGoogle" time="0.849"/>
  <testcase classname="o2technologies.test.IntegrationTesting_UI_DB" name="verifyProfileUpdateInDatabase" time="1.771"/>
  <testcase classname="o2technologies.test.IntegrationTesting_UI_DB" name="verifyProfileDeletionFromDatabase" time="1.813"/>
  <testcase classname="o2technologies.test.IntegrationTesting_UI_DB" name="dateCreatedTest" time="4.016"/>
  <testcase classname="o2technologies.test.IntegrationTesting_UI_DB" name="verifyUIElements" time="1.133"/>
  <testcase classname="o2technologies.test.IntegrationTesting_UI_DB" name="searchVerification" time="0.854"/>
  <testcase classname="o2technologies.test.IntegrationTesting_UI_DB" name="company_URLS" time="0.519"/>
  <testcase classname="o2technologies.test.IntegrationTesting_UI_DB" name="pageNation" time="1.138"/>
  <testcase classname="o2technologies.test.SearchCandidateTest" name="searchCandidate" time="21.598">
    <failure type="java.lang.NullPointerException" message="Cannot invoke &amp;quot;java.lang.Boolean.booleanValue()&amp;quot; because &amp;quot;value&amp;quot; is null">
      <![CDATA[java.lang.NullPointerException: Cannot invoke "java.lang.Boolean.booleanValue()" because "value" is null
at org.openqa.selenium.remote.RemoteWebElement.isEnabled(RemoteWebElement.java:183)
at org.openqa.selenium.support.pagefactory.internal.LocatingElementHandler.invoke(LocatingElementHandler.java:51)
at jdk.proxy2/jdk.proxy2.$Proxy14.isEnabled(Unknown Source)
at org.openqa.selenium.support.ui.ExpectedConditions$23.apply(ExpectedConditions.java:658)
at org.openqa.selenium.support.ui.ExpectedConditions$23.apply(ExpectedConditions.java:652)
at org.openqa.selenium.support.ui.FluentWait.until(FluentWait.java:203)
at o2technologies.pages.SearchNewCandidatesPage.fillForm(SearchNewCandidatesPage.java:104)
at o2technologies.test.SearchCandidateTest.searchCandidate(SearchCandidateTest.java:87)
at java.base/java.util.ArrayList.forEach(ArrayList.java:1597)
... Removed 27 stack frames]]>
    </failure>
  </testcase> <!-- searchCandidate -->
</testsuite> <!-- Test -->
